/home/wshengggg/spiderPI/SpiderTeleop/install/rpc_commands/lib/python3.10/site-packages/rpc_commands/quadrupledrotateclockwise.py
/home/wshengggg/spiderPI/SpiderTeleop/install/rpc_commands/lib/python3.10/site-packages/rpc_commands/moveleft.py
/home/wshengggg/spiderPI/SpiderTeleop/install/rpc_commands/lib/python3.10/site-packages/rpc_commands/stop.py
/home/wshengggg/spiderPI/SpiderTeleop/install/rpc_commands/lib/python3.10/site-packages/rpc_commands/moveforward.py
/home/wshengggg/spiderPI/SpiderTeleop/install/rpc_commands/lib/python3.10/site-packages/rpc_commands/quadrupledstand.py
/home/wshengggg/spiderPI/SpiderTeleop/install/rpc_commands/lib/python3.10/site-packages/rpc_commands/quadrupledmoveleft.py
/home/wshengggg/spiderPI/SpiderTeleop/install/rpc_commands/lib/python3.10/site-packages/rpc_commands/transport.py
/home/wshengggg/spiderPI/SpiderTeleop/install/rpc_commands/lib/python3.10/site-packages/rpc_commands/standhigh.py
/home/wshengggg/spiderPI/SpiderTeleop/install/rpc_commands/lib/python3.10/site-packages/rpc_commands/__init__.py
/home/wshengggg/spiderPI/SpiderTeleop/install/rpc_commands/lib/python3.10/site-packages/rpc_commands/standlow.py
/home/wshengggg/spiderPI/SpiderTeleop/install/rpc_commands/lib/python3.10/site-packages/rpc_commands/rotateanticlockwise.py
/home/wshengggg/spiderPI/SpiderTeleop/install/rpc_commands/lib/python3.10/site-packages/rpc_commands/navigation_demo.py
/home/wshengggg/spiderPI/SpiderTeleop/install/rpc_commands/lib/python3.10/site-packages/rpc_commands/standsuperhigh.py
/home/wshengggg/spiderPI/SpiderTeleop/install/rpc_commands/lib/python3.10/site-packages/rpc_commands/quadrupledmovebackward.py
/home/wshengggg/spiderPI/SpiderTeleop/install/rpc_commands/lib/python3.10/site-packages/rpc_commands/movebackward.py
/home/wshengggg/spiderPI/SpiderTeleop/install/rpc_commands/lib/python3.10/site-packages/rpc_commands/moveright.py
/home/wshengggg/spiderPI/SpiderTeleop/install/rpc_commands/lib/python3.10/site-packages/rpc_commands/rteleop.py
/home/wshengggg/spiderPI/SpiderTeleop/install/rpc_commands/lib/python3.10/site-packages/rpc_commands/standmiddle.py
/home/wshengggg/spiderPI/SpiderTeleop/install/rpc_commands/lib/python3.10/site-packages/rpc_commands/quadrupledrotateanticlockwise.py
/home/wshengggg/spiderPI/SpiderTeleop/install/rpc_commands/lib/python3.10/site-packages/rpc_commands/rotateclockwise.py
/home/wshengggg/spiderPI/SpiderTeleop/install/rpc_commands/lib/python3.10/site-packages/rpc_commands/quadrupledmoveright.py
/home/wshengggg/spiderPI/SpiderTeleop/install/rpc_commands/lib/python3.10/site-packages/rpc_commands/posturedetect.py
/home/wshengggg/spiderPI/SpiderTeleop/install/rpc_commands/lib/python3.10/site-packages/rpc_commands/quadrupledmoveforward.py
/home/wshengggg/spiderPI/SpiderTeleop/install/rpc_commands/lib/python3.10/site-packages/rpc_commands/stopactionngroup.py
/home/wshengggg/spiderPI/SpiderTeleop/install/rpc_commands/lib/python3.10/site-packages/rpc_commands/__pycache__/quadrupledrotateclockwise.cpython-310.pyc
/home/wshengggg/spiderPI/SpiderTeleop/install/rpc_commands/lib/python3.10/site-packages/rpc_commands/__pycache__/moveleft.cpython-310.pyc
/home/wshengggg/spiderPI/SpiderTeleop/install/rpc_commands/lib/python3.10/site-packages/rpc_commands/__pycache__/stop.cpython-310.pyc
/home/wshengggg/spiderPI/SpiderTeleop/install/rpc_commands/lib/python3.10/site-packages/rpc_commands/__pycache__/moveforward.cpython-310.pyc
/home/wshengggg/spiderPI/SpiderTeleop/install/rpc_commands/lib/python3.10/site-packages/rpc_commands/__pycache__/quadrupledstand.cpython-310.pyc
/home/wshengggg/spiderPI/SpiderTeleop/install/rpc_commands/lib/python3.10/site-packages/rpc_commands/__pycache__/quadrupledmoveleft.cpython-310.pyc
/home/wshengggg/spiderPI/SpiderTeleop/install/rpc_commands/lib/python3.10/site-packages/rpc_commands/__pycache__/transport.cpython-310.pyc
/home/wshengggg/spiderPI/SpiderTeleop/install/rpc_commands/lib/python3.10/site-packages/rpc_commands/__pycache__/standhigh.cpython-310.pyc
/home/wshengggg/spiderPI/SpiderTeleop/install/rpc_commands/lib/python3.10/site-packages/rpc_commands/__pycache__/__init__.cpython-310.pyc
/home/wshengggg/spiderPI/SpiderTeleop/install/rpc_commands/lib/python3.10/site-packages/rpc_commands/__pycache__/standlow.cpython-310.pyc
/home/wshengggg/spiderPI/SpiderTeleop/install/rpc_commands/lib/python3.10/site-packages/rpc_commands/__pycache__/rotateanticlockwise.cpython-310.pyc
/home/wshengggg/spiderPI/SpiderTeleop/install/rpc_commands/lib/python3.10/site-packages/rpc_commands/__pycache__/navigation_demo.cpython-310.pyc
/home/wshengggg/spiderPI/SpiderTeleop/install/rpc_commands/lib/python3.10/site-packages/rpc_commands/__pycache__/standsuperhigh.cpython-310.pyc
/home/wshengggg/spiderPI/SpiderTeleop/install/rpc_commands/lib/python3.10/site-packages/rpc_commands/__pycache__/quadrupledmovebackward.cpython-310.pyc
/home/wshengggg/spiderPI/SpiderTeleop/install/rpc_commands/lib/python3.10/site-packages/rpc_commands/__pycache__/movebackward.cpython-310.pyc
/home/wshengggg/spiderPI/SpiderTeleop/install/rpc_commands/lib/python3.10/site-packages/rpc_commands/__pycache__/moveright.cpython-310.pyc
/home/wshengggg/spiderPI/SpiderTeleop/install/rpc_commands/lib/python3.10/site-packages/rpc_commands/__pycache__/rteleop.cpython-310.pyc
/home/wshengggg/spiderPI/SpiderTeleop/install/rpc_commands/lib/python3.10/site-packages/rpc_commands/__pycache__/standmiddle.cpython-310.pyc
/home/wshengggg/spiderPI/SpiderTeleop/install/rpc_commands/lib/python3.10/site-packages/rpc_commands/__pycache__/quadrupledrotateanticlockwise.cpython-310.pyc
/home/wshengggg/spiderPI/SpiderTeleop/install/rpc_commands/lib/python3.10/site-packages/rpc_commands/__pycache__/rotateclockwise.cpython-310.pyc
/home/wshengggg/spiderPI/SpiderTeleop/install/rpc_commands/lib/python3.10/site-packages/rpc_commands/__pycache__/quadrupledmoveright.cpython-310.pyc
/home/wshengggg/spiderPI/SpiderTeleop/install/rpc_commands/lib/python3.10/site-packages/rpc_commands/__pycache__/posturedetect.cpython-310.pyc
/home/wshengggg/spiderPI/SpiderTeleop/install/rpc_commands/lib/python3.10/site-packages/rpc_commands/__pycache__/quadrupledmoveforward.cpython-310.pyc
/home/wshengggg/spiderPI/SpiderTeleop/install/rpc_commands/lib/python3.10/site-packages/rpc_commands/__pycache__/stopactionngroup.cpython-310.pyc
/home/wshengggg/spiderPI/SpiderTeleop/install/rpc_commands/share/ament_index/resource_index/packages/rpc_commands
/home/wshengggg/spiderPI/SpiderTeleop/install/rpc_commands/share/rpc_commands/package.xml
/home/wshengggg/spiderPI/SpiderTeleop/install/rpc_commands/lib/python3.10/site-packages/rpc_commands-0.0.0-py3.10.egg-info/top_level.txt
/home/wshengggg/spiderPI/SpiderTeleop/install/rpc_commands/lib/python3.10/site-packages/rpc_commands-0.0.0-py3.10.egg-info/zip-safe
/home/wshengggg/spiderPI/SpiderTeleop/install/rpc_commands/lib/python3.10/site-packages/rpc_commands-0.0.0-py3.10.egg-info/SOURCES.txt
/home/wshengggg/spiderPI/SpiderTeleop/install/rpc_commands/lib/python3.10/site-packages/rpc_commands-0.0.0-py3.10.egg-info/entry_points.txt
/home/wshengggg/spiderPI/SpiderTeleop/install/rpc_commands/lib/python3.10/site-packages/rpc_commands-0.0.0-py3.10.egg-info/PKG-INFO
/home/wshengggg/spiderPI/SpiderTeleop/install/rpc_commands/lib/python3.10/site-packages/rpc_commands-0.0.0-py3.10.egg-info/requires.txt
/home/wshengggg/spiderPI/SpiderTeleop/install/rpc_commands/lib/python3.10/site-packages/rpc_commands-0.0.0-py3.10.egg-info/dependency_links.txt
/home/wshengggg/spiderPI/SpiderTeleop/install/rpc_commands/lib/rpc_commands/navigation_demo
/home/wshengggg/spiderPI/SpiderTeleop/install/rpc_commands/lib/rpc_commands/rteleop
