[0.472s] Invoking command in '/home/wshengggg/HWSpider/src/rpc_commands': PYTHONPATH=/home/wshengggg/HWSpider/build/rpc_commands/prefix_override:/usr/lib/python3/dist-packages/colcon_core/task/python/colcon_distutils_commands:/home/wshengggg/HWSpider/install/rpc_commands/lib/python3.10/site-packages:${PYTHONPATH} /usr/bin/python3 -W ignore:setup.py install is deprecated setup.py egg_info --egg-base ../../build/rpc_commands build --build-base /home/wshengggg/HWSpider/build/rpc_commands/build install --record /home/wshengggg/HWSpider/build/rpc_commands/install.log --single-version-externally-managed install_data
[0.648s] running egg_info
[0.657s] writing ../../build/rpc_commands/rpc_commands.egg-info/PKG-INFO
[0.657s] writing dependency_links to ../../build/rpc_commands/rpc_commands.egg-info/dependency_links.txt
[0.657s] writing entry points to ../../build/rpc_commands/rpc_commands.egg-info/entry_points.txt
[0.657s] writing requirements to ../../build/rpc_commands/rpc_commands.egg-info/requires.txt
[0.657s] writing top-level names to ../../build/rpc_commands/rpc_commands.egg-info/top_level.txt
[0.676s] reading manifest file '../../build/rpc_commands/rpc_commands.egg-info/SOURCES.txt'
[0.677s] adding license file 'LICENSE'
[0.677s] writing manifest file '../../build/rpc_commands/rpc_commands.egg-info/SOURCES.txt'
[0.677s] running build
[0.677s] running build_py
[0.677s] copying rpc_commands/quadrupledrotateclockwise.py -> /home/wshengggg/HWSpider/build/rpc_commands/build/lib/rpc_commands
[0.677s] copying rpc_commands/moveleft.py -> /home/wshengggg/HWSpider/build/rpc_commands/build/lib/rpc_commands
[0.677s] copying rpc_commands/stop.py -> /home/wshengggg/HWSpider/build/rpc_commands/build/lib/rpc_commands
[0.678s] copying rpc_commands/moveforward.py -> /home/wshengggg/HWSpider/build/rpc_commands/build/lib/rpc_commands
[0.678s] copying rpc_commands/quadrupledstand.py -> /home/wshengggg/HWSpider/build/rpc_commands/build/lib/rpc_commands
[0.678s] copying rpc_commands/quadrupledmoveleft.py -> /home/wshengggg/HWSpider/build/rpc_commands/build/lib/rpc_commands
[0.678s] copying rpc_commands/transport.py -> /home/wshengggg/HWSpider/build/rpc_commands/build/lib/rpc_commands
[0.678s] copying rpc_commands/standhigh.py -> /home/wshengggg/HWSpider/build/rpc_commands/build/lib/rpc_commands
[0.678s] copying rpc_commands/__init__.py -> /home/wshengggg/HWSpider/build/rpc_commands/build/lib/rpc_commands
[0.678s] copying rpc_commands/standlow.py -> /home/wshengggg/HWSpider/build/rpc_commands/build/lib/rpc_commands
[0.678s] copying rpc_commands/rotateanticlockwise.py -> /home/wshengggg/HWSpider/build/rpc_commands/build/lib/rpc_commands
[0.678s] copying rpc_commands/standsuperhigh.py -> /home/wshengggg/HWSpider/build/rpc_commands/build/lib/rpc_commands
[0.678s] copying rpc_commands/quadrupledmovebackward.py -> /home/wshengggg/HWSpider/build/rpc_commands/build/lib/rpc_commands
[0.678s] copying rpc_commands/movebackward.py -> /home/wshengggg/HWSpider/build/rpc_commands/build/lib/rpc_commands
[0.679s] copying rpc_commands/moveright.py -> /home/wshengggg/HWSpider/build/rpc_commands/build/lib/rpc_commands
[0.679s] copying rpc_commands/rteleop.py -> /home/wshengggg/HWSpider/build/rpc_commands/build/lib/rpc_commands
[0.679s] copying rpc_commands/standmiddle.py -> /home/wshengggg/HWSpider/build/rpc_commands/build/lib/rpc_commands
[0.679s] copying rpc_commands/quadrupledrotateanticlockwise.py -> /home/wshengggg/HWSpider/build/rpc_commands/build/lib/rpc_commands
[0.679s] copying rpc_commands/rotateclockwise.py -> /home/wshengggg/HWSpider/build/rpc_commands/build/lib/rpc_commands
[0.679s] copying rpc_commands/quadrupledmoveright.py -> /home/wshengggg/HWSpider/build/rpc_commands/build/lib/rpc_commands
[0.679s] copying rpc_commands/posturedetect.py -> /home/wshengggg/HWSpider/build/rpc_commands/build/lib/rpc_commands
[0.679s] copying rpc_commands/quadrupledmoveforward.py -> /home/wshengggg/HWSpider/build/rpc_commands/build/lib/rpc_commands
[0.679s] copying rpc_commands/stopactionngroup.py -> /home/wshengggg/HWSpider/build/rpc_commands/build/lib/rpc_commands
[0.679s] running install
[0.682s] running install_lib
[0.690s] copying /home/wshengggg/HWSpider/build/rpc_commands/build/lib/rpc_commands/rteleop.py -> /home/wshengggg/HWSpider/install/rpc_commands/lib/python3.10/site-packages/rpc_commands
[0.690s] byte-compiling /home/wshengggg/HWSpider/install/rpc_commands/lib/python3.10/site-packages/rpc_commands/rteleop.py to rteleop.cpython-310.pyc
[0.691s] running install_data
[0.691s] copying resource/rpc_commands -> /home/wshengggg/HWSpider/install/rpc_commands/share/ament_index/resource_index/packages
[0.691s] copying package.xml -> /home/wshengggg/HWSpider/install/rpc_commands/share/rpc_commands
[0.691s] running install_egg_info
[0.699s] removing '/home/wshengggg/HWSpider/install/rpc_commands/lib/python3.10/site-packages/rpc_commands-0.0.0-py3.10.egg-info' (and everything under it)
[0.699s] Copying ../../build/rpc_commands/rpc_commands.egg-info to /home/wshengggg/HWSpider/install/rpc_commands/lib/python3.10/site-packages/rpc_commands-0.0.0-py3.10.egg-info
[0.699s] running install_scripts
[0.778s] Installing rteleop script to /home/wshengggg/HWSpider/install/rpc_commands/lib/rpc_commands
[0.779s] writing list of installed files to '/home/wshengggg/HWSpider/build/rpc_commands/install.log'
[0.795s] Invoked command in '/home/wshengggg/HWSpider/src/rpc_commands' returned '0': PYTHONPATH=/home/wshengggg/HWSpider/build/rpc_commands/prefix_override:/usr/lib/python3/dist-packages/colcon_core/task/python/colcon_distutils_commands:/home/wshengggg/HWSpider/install/rpc_commands/lib/python3.10/site-packages:${PYTHONPATH} /usr/bin/python3 -W ignore:setup.py install is deprecated setup.py egg_info --egg-base ../../build/rpc_commands build --build-base /home/wshengggg/HWSpider/build/rpc_commands/build install --record /home/wshengggg/HWSpider/build/rpc_commands/install.log --single-version-externally-managed install_data
